#
# There is insufficient memory for the Java Runtime Environment to continue.
# Native memory allocation (malloc) failed to allocate 596304 bytes for Chunk::new
# Possible reasons:
#   The system is out of physical RAM or swap space
#   The process is running with CompressedOops enabled, and the Java Heap may be blocking the growth of the native heap
# Possible solutions:
#   Reduce memory load on the system
#   Increase physical memory or swap space
#   Check if swap backing store is full
#   Decrease Java heap size (-Xmx/-Xms)
#   Decrease number of Java threads
#   Decrease Java thread stack sizes (-Xss)
#   Set larger code cache with -XX:ReservedCodeCacheSize=
#   JVM is running with Unscaled Compressed Oops mode in which the Java heap is
#     placed in the first 4GB address space. The Java Heap base address is the
#     maximum limit for the native heap growth. Please use -XX:HeapBaseMinAddress
#     to set the Java Heap base and to place the Java Heap above 4GB virtual address.
# This output file may be truncated or incomplete.
#
#  Out of Memory Error (arena.cpp:189), pid=18992, tid=5376
#
# JRE version: Java(TM) SE Runtime Environment (17.0.11+7) (build 17.0.11+7-LTS-207)
# Java VM: Java HotSpot(TM) 64-Bit Server VM (17.0.11+7-LTS-207, mixed mode, sharing, tiered, compressed oops, compressed class ptrs, g1 gc, windows-amd64)
# No core dump will be written. Minidumps are not enabled by default on client versions of Windows
#

---------------  S U M M A R Y ------------

Command Line: C:\Users\coelh\AppData\Local\Temp\surefire1955098290260196220\surefirebooter-20240805093329614_3.jar C:\Users\coelh\AppData\Local\Temp\surefire1955098290260196220 2024-08-05T09-33-21_707-jvmRun1 surefire-20240805093329614_1tmp surefire_0-20240805093329614_2tmp

Host: Intel(R) Core(TM) i7-7500U CPU @ 2.70GHz, 4 cores, 7G,  Windows 10 , 64 bit Build 19041 (10.0.19041.4597)
Time: Mon Aug  5 09:35:41 2024 Hora oficial do Brasil elapsed time: 99.284102 seconds (0d 0h 1m 39s)

---------------  T H R E A D  ---------------

Current thread (0x000002b4dc5e22b0):  JavaThread "C2 CompilerThread0" daemon [_thread_in_native, id=5376, stack(0x000000f1e1c00000,0x000000f1e1d00000)]


Current CompileTask:
C2:  99284 1911       4       jdk.internal.org.objectweb.asm.Frame::execute (2305 bytes)

Stack: [0x000000f1e1c00000,0x000000f1e1d00000]
Native frames: (J=compiled Java code, j=interpreted, Vv=VM code, C=native code)
V  [jvm.dll+0x679cca]
V  [jvm.dll+0x7da13d]
V  [jvm.dll+0x7dba83]
V  [jvm.dll+0x7dc0f3]
V  [jvm.dll+0x2449af]
V  [jvm.dll+0xab83b]
V  [jvm.dll+0xabe1c]
V  [jvm.dll+0x11d9d4]
V  [jvm.dll+0x60db93]
V  [jvm.dll+0x60c24a]
V  [jvm.dll+0x21605e]
V  [jvm.dll+0x21560f]
V  [jvm.dll+0x1a2040]
V  [jvm.dll+0x225a2b]
V  [jvm.dll+0x223bcb]
V  [jvm.dll+0x7903ec]
V  [jvm.dll+0x78a85a]
V  [jvm.dll+0x678bb5]
C  [ucrtbase.dll+0x21bb2]
C  [KERNEL32.DLL+0x17374]
C  [ntdll.dll+0x4cc91]


---------------  P R O C E S S  ---------------

Threads class SMR info:
_java_thread_list=0x000002b5232f8540, length=17, elements={
0x000002b4bed4e740, 0x000002b4dc5c1770, 0x000002b4dc5c25f0, 0x000002b4dc5d82b0,
0x000002b4dc5dac80, 0x000002b4dc5dd650, 0x000002b4dc5e1510, 0x000002b4dc5e22b0,
0x000002b4dc5ead70, 0x000002b4dc64a6b0, 0x000002b4dc837bc0, 0x000002b4dc83f0e0,
0x000002b523266010, 0x000002b5229e4310, 0x000002b522c93420, 0x000002b522e70600,
0x000002b523d43790
}

Java Threads: ( => current thread )
  0x000002b4bed4e740 JavaThread "main" [_thread_in_vm, id=12188, stack(0x000000f1e0f00000,0x000000f1e1000000)]
  0x000002b4dc5c1770 JavaThread "Reference Handler" daemon [_thread_blocked, id=6736, stack(0x000000f1e1600000,0x000000f1e1700000)]
  0x000002b4dc5c25f0 JavaThread "Finalizer" daemon [_thread_blocked, id=16528, stack(0x000000f1e1700000,0x000000f1e1800000)]
  0x000002b4dc5d82b0 JavaThread "Signal Dispatcher" daemon [_thread_blocked, id=16996, stack(0x000000f1e1800000,0x000000f1e1900000)]
  0x000002b4dc5dac80 JavaThread "Attach Listener" daemon [_thread_blocked, id=17844, stack(0x000000f1e1900000,0x000000f1e1a00000)]
  0x000002b4dc5dd650 JavaThread "Service Thread" daemon [_thread_blocked, id=16436, stack(0x000000f1e1a00000,0x000000f1e1b00000)]
  0x000002b4dc5e1510 JavaThread "Monitor Deflation Thread" daemon [_thread_blocked, id=3332, stack(0x000000f1e1b00000,0x000000f1e1c00000)]
=>0x000002b4dc5e22b0 JavaThread "C2 CompilerThread0" daemon [_thread_in_native, id=5376, stack(0x000000f1e1c00000,0x000000f1e1d00000)]
  0x000002b4dc5ead70 JavaThread "C1 CompilerThread0" daemon [_thread_blocked, id=17528, stack(0x000000f1e1d00000,0x000000f1e1e00000)]
  0x000002b4dc64a6b0 JavaThread "Sweeper thread" daemon [_thread_blocked, id=2300, stack(0x000000f1e1e00000,0x000000f1e1f00000)]
  0x000002b4dc837bc0 JavaThread "Notification Thread" daemon [_thread_blocked, id=18440, stack(0x000000f1e1f00000,0x000000f1e2000000)]
  0x000002b4dc83f0e0 JavaThread "Common-Cleaner" daemon [_thread_blocked, id=4296, stack(0x000000f1e2100000,0x000000f1e2200000)]
  0x000002b523266010 JavaThread "surefire-forkedjvm-stream-flusher" daemon [_thread_blocked, id=4880, stack(0x000000f1e0c00000,0x000000f1e0d00000)]
  0x000002b5229e4310 JavaThread "surefire-forkedjvm-command-thread" daemon [_thread_in_native, id=18128, stack(0x000000f1e0d00000,0x000000f1e0e00000)]
  0x000002b522c93420 JavaThread "Reference Reaper #1" daemon [_thread_blocked, id=18300, stack(0x000000f1e2400000,0x000000f1e2500000)]
  0x000002b522e70600 JavaThread "ForkJoinPool.commonPool-worker-1" daemon [_thread_blocked, id=12384, stack(0x000000f1e2500000,0x000000f1e2600000)]
  0x000002b523d43790 JavaThread "Quarkus hang detection timer thread" [_thread_blocked, id=15668, stack(0x000000f1e2700000,0x000000f1e2800000)]

Other Threads:
  0x000002b4dc5bbb50 VMThread "VM Thread" [stack: 0x000000f1e1500000,0x000000f1e1600000] [id=13252]
  0x000002b4bedc1a00 WatcherThread [stack: 0x000000f1e2000000,0x000000f1e2100000] [id=15096]
  0x000002b4beda7010 GCTaskThread "GC Thread#0" [stack: 0x000000f1e1000000,0x000000f1e1100000] [id=19184]
  0x000002b5229d15c0 GCTaskThread "GC Thread#1" [stack: 0x000000f1e2200000,0x000000f1e2300000] [id=18060]
  0x000002b5227bd500 GCTaskThread "GC Thread#2" [stack: 0x000000f1e2300000,0x000000f1e2400000] [id=12260]
  0x000002b5232a0d00 GCTaskThread "GC Thread#3" [stack: 0x000000f1e0e00000,0x000000f1e0f00000] [id=14052]
  0x000002b4bedb7ba0 ConcurrentGCThread "G1 Main Marker" [stack: 0x000000f1e1100000,0x000000f1e1200000] [id=13248]
  0x000002b4bedb8d50 ConcurrentGCThread "G1 Conc#0" [stack: 0x000000f1e1200000,0x000000f1e1300000] [id=10200]
  0x000002b4bee15700 ConcurrentGCThread "G1 Refine#0" [stack: 0x000000f1e1300000,0x000000f1e1400000] [id=15796]
  0x000002b4dc480200 ConcurrentGCThread "G1 Service" [stack: 0x000000f1e1400000,0x000000f1e1500000] [id=15088]

Threads with active compile tasks:
C2 CompilerThread0   107416 1911       4       jdk.internal.org.objectweb.asm.Frame::execute (2305 bytes)

VM state: not at safepoint (normal execution)

VM Mutex/Monitor currently owned by a thread: None

Heap address: 0x0000000081e00000, size: 2018 MB, Compressed Oops mode: 32-bit

CDS archive(s) mapped at: [0x000002b4dd000000-0x000002b4ddbd0000-0x000002b4ddbd0000), size 12386304, SharedBaseAddress: 0x000002b4dd000000, ArchiveRelocationMode: 1.
Compressed class space mapped at: 0x000002b4de000000-0x000002b51e000000, reserved size: 1073741824
Narrow klass base: 0x000002b4dd000000, Narrow klass shift: 0, Narrow klass range: 0x100000000

GC Precious Log:
 CPUs: 4 total, 4 available
 Memory: 8070M
 Large Page Support: Disabled
 NUMA Support: Disabled
 Compressed Oops: Enabled (32-bit)
 Heap Region Size: 1M
 Heap Min Capacity: 8M
 Heap Initial Capacity: 128M
 Heap Max Capacity: 2018M
 Pre-touch: Disabled
 Parallel Workers: 4
 Concurrent Workers: 1
 Concurrent Refinement Workers: 4
 Periodic GC: Disabled

Heap:
 garbage-first heap   total 131072K, used 23468K [0x0000000081e00000, 0x0000000100000000)
  region size 1024K, 10 young (10240K), 2 survivors (2048K)
 Metaspace       used 9536K, committed 9728K, reserved 1114112K
  class space    used 1191K, committed 1280K, reserved 1048576K

Heap Regions: E=young(eden), S=young(survivor), O=old, HS=humongous(starts), HC=humongous(continues), CS=collection set, F=free, OA=open archive, CA=closed archive, TAMS=top-at-mark-start (previous, next)
|   0|0x0000000081e00000, 0x0000000081f00000, 0x0000000081f00000|100%|HS|  |TAMS 0x0000000081e00000, 0x0000000081e00000| Complete 
|   1|0x0000000081f00000, 0x0000000082000000, 0x0000000082000000|100%|HC|  |TAMS 0x0000000081f00000, 0x0000000081f00000| Complete 
|   2|0x0000000082000000, 0x0000000082100000, 0x0000000082100000|100%|HS|  |TAMS 0x0000000082000000, 0x0000000082000000| Complete 
|   3|0x0000000082100000, 0x0000000082200000, 0x0000000082200000|100%| O|  |TAMS 0x0000000082100000, 0x0000000082100000| Untracked 
|   4|0x0000000082200000, 0x0000000082300000, 0x0000000082300000|100%| O|  |TAMS 0x0000000082200000, 0x0000000082200000| Untracked 
|   5|0x0000000082300000, 0x0000000082400000, 0x0000000082400000|100%| O|  |TAMS 0x0000000082300000, 0x0000000082300000| Untracked 
|   6|0x0000000082400000, 0x0000000082500000, 0x0000000082500000|100%| O|  |TAMS 0x0000000082400000, 0x0000000082400000| Untracked 
|   7|0x0000000082500000, 0x0000000082600000, 0x0000000082600000|100%| O|  |TAMS 0x0000000082500000, 0x0000000082500000| Untracked 
|   8|0x0000000082600000, 0x0000000082700000, 0x0000000082700000|100%| O|  |TAMS 0x0000000082600000, 0x0000000082600000| Untracked 
|   9|0x0000000082700000, 0x0000000082800000, 0x0000000082800000|100%| O|  |TAMS 0x0000000082700000, 0x0000000082700000| Untracked 
|  10|0x0000000082800000, 0x0000000082900000, 0x0000000082900000|100%| O|  |TAMS 0x0000000082800000, 0x0000000082800000| Untracked 
|  11|0x0000000082900000, 0x0000000082a00000, 0x0000000082a00000|100%| O|  |TAMS 0x0000000082900000, 0x0000000082900000| Untracked 
|  12|0x0000000082a00000, 0x0000000082b00000, 0x0000000082b00000|100%| O|  |TAMS 0x0000000082a00000, 0x0000000082a00000| Untracked 
|  13|0x0000000082b00000, 0x0000000082beb200, 0x0000000082c00000| 91%| O|  |TAMS 0x0000000082b00000, 0x0000000082b00000| Untracked 
|  14|0x0000000082c00000, 0x0000000082c00000, 0x0000000082d00000|  0%| F|  |TAMS 0x0000000082c00000, 0x0000000082c00000| Untracked 
|  15|0x0000000082d00000, 0x0000000082d00000, 0x0000000082e00000|  0%| F|  |TAMS 0x0000000082d00000, 0x0000000082d00000| Untracked 
|  16|0x0000000082e00000, 0x0000000082e00000, 0x0000000082f00000|  0%| F|  |TAMS 0x0000000082e00000, 0x0000000082e00000| Untracked 
|  17|0x0000000082f00000, 0x0000000082f00000, 0x0000000083000000|  0%| F|  |TAMS 0x0000000082f00000, 0x0000000082f00000| Untracked 
|  18|0x0000000083000000, 0x0000000083000000, 0x0000000083100000|  0%| F|  |TAMS 0x0000000083000000, 0x0000000083000000| Untracked 
|  19|0x0000000083100000, 0x0000000083100000, 0x0000000083200000|  0%| F|  |TAMS 0x0000000083100000, 0x0000000083100000| Untracked 
|  20|0x0000000083200000, 0x0000000083200000, 0x0000000083300000|  0%| F|  |TAMS 0x0000000083200000, 0x0000000083200000| Untracked 
|  21|0x0000000083300000, 0x0000000083300000, 0x0000000083400000|  0%| F|  |TAMS 0x0000000083300000, 0x0000000083300000| Untracked 
|  22|0x0000000083400000, 0x0000000083400000, 0x0000000083500000|  0%| F|  |TAMS 0x0000000083400000, 0x0000000083400000| Untracked 
|  23|0x0000000083500000, 0x0000000083500000, 0x0000000083600000|  0%| F|  |TAMS 0x0000000083500000, 0x0000000083500000| Untracked 
|  24|0x0000000083600000, 0x0000000083600000, 0x0000000083700000|  0%| F|  |TAMS 0x0000000083600000, 0x0000000083600000| Untracked 
|  25|0x0000000083700000, 0x0000000083700000, 0x0000000083800000|  0%| F|  |TAMS 0x0000000083700000, 0x0000000083700000| Untracked 
|  26|0x0000000083800000, 0x0000000083800000, 0x0000000083900000|  0%| F|  |TAMS 0x0000000083800000, 0x0000000083800000| Untracked 
|  27|0x0000000083900000, 0x0000000083900000, 0x0000000083a00000|  0%| F|  |TAMS 0x0000000083900000, 0x0000000083900000| Untracked 
|  28|0x0000000083a00000, 0x0000000083a00000, 0x0000000083b00000|  0%| F|  |TAMS 0x0000000083a00000, 0x0000000083a00000| Untracked 
|  29|0x0000000083b00000, 0x0000000083b00000, 0x0000000083c00000|  0%| F|  |TAMS 0x0000000083b00000, 0x0000000083b00000| Untracked 
|  30|0x0000000083c00000, 0x0000000083c00000, 0x0000000083d00000|  0%| F|  |TAMS 0x0000000083c00000, 0x0000000083c00000| Untracked 
|  31|0x0000000083d00000, 0x0000000083d00000, 0x0000000083e00000|  0%| F|  |TAMS 0x0000000083d00000, 0x0000000083d00000| Untracked 
|  32|0x0000000083e00000, 0x0000000083e00000, 0x0000000083f00000|  0%| F|  |TAMS 0x0000000083e00000, 0x0000000083e00000| Untracked 
|  33|0x0000000083f00000, 0x0000000083f00000, 0x0000000084000000|  0%| F|  |TAMS 0x0000000083f00000, 0x0000000083f00000| Untracked 
|  34|0x0000000084000000, 0x0000000084000000, 0x0000000084100000|  0%| F|  |TAMS 0x0000000084000000, 0x0000000084000000| Untracked 
|  35|0x0000000084100000, 0x0000000084100000, 0x0000000084200000|  0%| F|  |TAMS 0x0000000084100000, 0x0000000084100000| Untracked 
|  36|0x0000000084200000, 0x0000000084200000, 0x0000000084300000|  0%| F|  |TAMS 0x0000000084200000, 0x0000000084200000| Untracked 
|  37|0x0000000084300000, 0x0000000084300000, 0x0000000084400000|  0%| F|  |TAMS 0x0000000084300000, 0x0000000084300000| Untracked 
|  38|0x0000000084400000, 0x0000000084400000, 0x0000000084500000|  0%| F|  |TAMS 0x0000000084400000, 0x0000000084400000| Untracked 
|  39|0x0000000084500000, 0x0000000084500000, 0x0000000084600000|  0%| F|  |TAMS 0x0000000084500000, 0x0000000084500000| Untracked 
|  40|0x0000000084600000, 0x0000000084600000, 0x0000000084700000|  0%| F|  |TAMS 0x0000000084600000, 0x0000000084600000| Untracked 
|  41|0x0000000084700000, 0x0000000084700000, 0x0000000084800000|  0%| F|  |TAMS 0x0000000084700000, 0x0000000084700000| Untracked 
|  42|0x0000000084800000, 0x0000000084800000, 0x0000000084900000|  0%| F|  |TAMS 0x0000000084800000, 0x0000000084800000| Untracked 
|  43|0x0000000084900000, 0x0000000084900000, 0x0000000084a00000|  0%| F|  |TAMS 0x0000000084900000, 0x0000000084900000| Untracked 
|  44|0x0000000084a00000, 0x0000000084a00000, 0x0000000084b00000|  0%| F|  |TAMS 0x0000000084a00000, 0x0000000084a00000| Untracked 
|  45|0x0000000084b00000, 0x0000000084b00000, 0x0000000084c00000|  0%| F|  |TAMS 0x0000000084b00000, 0x0000000084b00000| Untracked 
|  46|0x0000000084c00000, 0x0000000084c00000, 0x0000000084d00000|  0%| F|  |TAMS 0x0000000084c00000, 0x0000000084c00000| Untracked 
|  47|0x0000000084d00000, 0x0000000084d00000, 0x0000000084e00000|  0%| F|  |TAMS 0x0000000084d00000, 0x0000000084d00000| Untracked 
|  48|0x0000000084e00000, 0x0000000084e00000, 0x0000000084f00000|  0%| F|  |TAMS 0x0000000084e00000, 0x0000000084e00000| Untracked 
|  49|0x0000000084f00000, 0x0000000084f00000, 0x0000000085000000|  0%| F|  |TAMS 0x0000000084f00000, 0x0000000084f00000| Untracked 
|  50|0x0000000085000000, 0x0000000085000000, 0x0000000085100000|  0%| F|  |TAMS 0x0000000085000000, 0x0000000085000000| Untracked 
|  51|0x0000000085100000, 0x0000000085100000, 0x0000000085200000|  0%| F|  |TAMS 0x0000000085100000, 0x0000000085100000| Untracked 
|  52|0x0000000085200000, 0x0000000085200000, 0x0000000085300000|  0%| F|  |TAMS 0x0000000085200000, 0x0000000085200000| Untracked 
|  53|0x0000000085300000, 0x0000000085300000, 0x0000000085400000|  0%| F|  |TAMS 0x0000000085300000, 0x0000000085300000| Untracked 
|  54|0x0000000085400000, 0x0000000085400000, 0x0000000085500000|  0%| F|  |TAMS 0x0000000085400000, 0x0000000085400000| Untracked 
|  55|0x0000000085500000, 0x0000000085500000, 0x0000000085600000|  0%| F|  |TAMS 0x0000000085500000, 0x0000000085500000| Untracked 
|  56|0x0000000085600000, 0x0000000085600000, 0x0000000085700000|  0%| F|  |TAMS 0x0000000085600000, 0x0000000085600000| Untracked 
|  57|0x0000000085700000, 0x0000000085700000, 0x0000000085800000|  0%| F|  |TAMS 0x0000000085700000, 0x0000000085700000| Untracked 
|  58|0x0000000085800000, 0x0000000085800000, 0x0000000085900000|  0%| F|  |TAMS 0x0000000085800000, 0x0000000085800000| Untracked 
|  59|0x0000000085900000, 0x0000000085900000, 0x0000000085a00000|  0%| F|  |TAMS 0x0000000085900000, 0x0000000085900000| Untracked 
|  60|0x0000000085a00000, 0x0000000085a00000, 0x0000000085b00000|  0%| F|  |TAMS 0x0000000085a00000, 0x0000000085a00000| Untracked 
|  61|0x0000000085b00000, 0x0000000085b00000, 0x0000000085c00000|  0%| F|  |TAMS 0x0000000085b00000, 0x0000000085b00000| Untracked 
|  62|0x0000000085c00000, 0x0000000085c00000, 0x0000000085d00000|  0%| F|  |TAMS 0x0000000085c00000, 0x0000000085c00000| Untracked 
|  63|0x0000000085d00000, 0x0000000085d00000, 0x0000000085e00000|  0%| F|  |TAMS 0x0000000085d00000, 0x0000000085d00000| Untracked 
|  64|0x0000000085e00000, 0x0000000085e00000, 0x0000000085f00000|  0%| F|  |TAMS 0x0000000085e00000, 0x0000000085e00000| Untracked 
|  65|0x0000000085f00000, 0x0000000085f00000, 0x0000000086000000|  0%| F|  |TAMS 0x0000000085f00000, 0x0000000085f00000| Untracked 
|  66|0x0000000086000000, 0x0000000086000000, 0x0000000086100000|  0%| F|  |TAMS 0x0000000086000000, 0x0000000086000000| Untracked 
|  67|0x0000000086100000, 0x0000000086100000, 0x0000000086200000|  0%| F|  |TAMS 0x0000000086100000, 0x0000000086100000| Untracked 
|  68|0x0000000086200000, 0x0000000086200000, 0x0000000086300000|  0%| F|  |TAMS 0x0000000086200000, 0x0000000086200000| Untracked 
|  69|0x0000000086300000, 0x0000000086300000, 0x0000000086400000|  0%| F|  |TAMS 0x0000000086300000, 0x0000000086300000| Untracked 
|  70|0x0000000086400000, 0x0000000086400000, 0x0000000086500000|  0%| F|  |TAMS 0x0000000086400000, 0x0000000086400000| Untracked 
|  71|0x0000000086500000, 0x0000000086500000, 0x0000000086600000|  0%| F|  |TAMS 0x0000000086500000, 0x0000000086500000| Untracked 
|  72|0x0000000086600000, 0x0000000086600000, 0x0000000086700000|  0%| F|  |TAMS 0x0000000086600000, 0x0000000086600000| Untracked 
|  73|0x0000000086700000, 0x0000000086700000, 0x0000000086800000|  0%| F|  |TAMS 0x0000000086700000, 0x0000000086700000| Untracked 
|  74|0x0000000086800000, 0x0000000086800000, 0x0000000086900000|  0%| F|  |TAMS 0x0000000086800000, 0x0000000086800000| Untracked 
|  75|0x0000000086900000, 0x0000000086900000, 0x0000000086a00000|  0%| F|  |TAMS 0x0000000086900000, 0x0000000086900000| Untracked 
|  76|0x0000000086a00000, 0x0000000086a00000, 0x0000000086b00000|  0%| F|  |TAMS 0x0000000086a00000, 0x0000000086a00000| Untracked 
|  77|0x0000000086b00000, 0x0000000086b00000, 0x0000000086c00000|  0%| F|  |TAMS 0x0000000086b00000, 0x0000000086b00000| Untracked 
|  78|0x0000000086c00000, 0x0000000086c00000, 0x0000000086d00000|  0%| F|  |TAMS 0x0000000086c00000, 0x0000000086c00000| Untracked 
|  79|0x0000000086d00000, 0x0000000086d00000, 0x0000000086e00000|  0%| F|  |TAMS 0x0000000086d00000, 0x0000000086d00000| Untracked 
|  80|0x0000000086e00000, 0x0000000086e00000, 0x0000000086f00000|  0%| F|  |TAMS 0x0000000086e00000, 0x0000000086e00000| Untracked 
|  81|0x0000000086f00000, 0x0000000086f00000, 0x0000000087000000|  0%| F|  |TAMS 0x0000000086f00000, 0x0000000086f00000| Untracked 
|  82|0x0000000087000000, 0x0000000087000000, 0x0000000087100000|  0%| F|  |TAMS 0x0000000087000000, 0x0000000087000000| Untracked 
|  83|0x0000000087100000, 0x0000000087100000, 0x0000000087200000|  0%| F|  |TAMS 0x0000000087100000, 0x0000000087100000| Untracked 
|  84|0x0000000087200000, 0x0000000087200000, 0x0000000087300000|  0%| F|  |TAMS 0x0000000087200000, 0x0000000087200000| Untracked 
|  85|0x0000000087300000, 0x0000000087300000, 0x0000000087400000|  0%| F|  |TAMS 0x0000000087300000, 0x0000000087300000| Untracked 
|  86|0x0000000087400000, 0x0000000087400000, 0x0000000087500000|  0%| F|  |TAMS 0x0000000087400000, 0x0000000087400000| Untracked 
|  87|0x0000000087500000, 0x0000000087500000, 0x0000000087600000|  0%| F|  |TAMS 0x0000000087500000, 0x0000000087500000| Untracked 
|  88|0x0000000087600000, 0x0000000087600000, 0x0000000087700000|  0%| F|  |TAMS 0x0000000087600000, 0x0000000087600000| Untracked 
|  89|0x0000000087700000, 0x0000000087700000, 0x0000000087800000|  0%| F|  |TAMS 0x0000000087700000, 0x0000000087700000| Untracked 
|  90|0x0000000087800000, 0x0000000087800000, 0x0000000087900000|  0%| F|  |TAMS 0x0000000087800000, 0x0000000087800000| Untracked 
|  91|0x0000000087900000, 0x0000000087900000, 0x0000000087a00000|  0%| F|  |TAMS 0x0000000087900000, 0x0000000087900000| Untracked 
|  92|0x0000000087a00000, 0x0000000087a00000, 0x0000000087b00000|  0%| F|  |TAMS 0x0000000087a00000, 0x0000000087a00000| Untracked 
|  93|0x0000000087b00000, 0x0000000087b00000, 0x0000000087c00000|  0%| F|  |TAMS 0x0000000087b00000, 0x0000000087b00000| Untracked 
|  94|0x0000000087c00000, 0x0000000087c00000, 0x0000000087d00000|  0%| F|  |TAMS 0x0000000087c00000, 0x0000000087c00000| Untracked 
|  95|0x0000000087d00000, 0x0000000087d00000, 0x0000000087e00000|  0%| F|  |TAMS 0x0000000087d00000, 0x0000000087d00000| Untracked 
|  96|0x0000000087e00000, 0x0000000087e00000, 0x0000000087f00000|  0%| F|  |TAMS 0x0000000087e00000, 0x0000000087e00000| Untracked 
|  97|0x0000000087f00000, 0x0000000087f00000, 0x0000000088000000|  0%| F|  |TAMS 0x0000000087f00000, 0x0000000087f00000| Untracked 
|  98|0x0000000088000000, 0x0000000088000000, 0x0000000088100000|  0%| F|  |TAMS 0x0000000088000000, 0x0000000088000000| Untracked 
|  99|0x0000000088100000, 0x0000000088100000, 0x0000000088200000|  0%| F|  |TAMS 0x0000000088100000, 0x0000000088100000| Untracked 
| 100|0x0000000088200000, 0x0000000088200000, 0x0000000088300000|  0%| F|  |TAMS 0x0000000088200000, 0x0000000088200000| Untracked 
| 101|0x0000000088300000, 0x0000000088300000, 0x0000000088400000|  0%| F|  |TAMS 0x0000000088300000, 0x0000000088300000| Untracked 
| 102|0x0000000088400000, 0x0000000088400000, 0x0000000088500000|  0%| F|  |TAMS 0x0000000088400000, 0x0000000088400000| Untracked 
| 103|0x0000000088500000, 0x0000000088500000, 0x0000000088600000|  0%| F|  |TAMS 0x0000000088500000, 0x0000000088500000| Untracked 
| 104|0x0000000088600000, 0x0000000088600000, 0x0000000088700000|  0%| F|  |TAMS 0x0000000088600000, 0x0000000088600000| Untracked 
| 105|0x0000000088700000, 0x0000000088700000, 0x0000000088800000|  0%| F|  |TAMS 0x0000000088700000, 0x0000000088700000| Untracked 
| 106|0x0000000088800000, 0x0000000088800000, 0x0000000088900000|  0%| F|  |TAMS 0x0000000088800000, 0x0000000088800000| Untracked 
| 107|0x0000000088900000, 0x0000000088900000, 0x0000000088a00000|  0%| F|  |TAMS 0x0000000088900000, 0x0000000088900000| Untracked 
| 108|0x0000000088a00000, 0x0000000088b00000, 0x0000000088b00000|100%| S|CS|TAMS 0x0000000088a00000, 0x0000000088a00000| Complete 
| 109|0x0000000088b00000, 0x0000000088c00000, 0x0000000088c00000|100%| S|CS|TAMS 0x0000000088b00000, 0x0000000088b00000| Complete 
| 110|0x0000000088c00000, 0x0000000088c00000, 0x0000000088d00000|  0%| F|  |TAMS 0x0000000088c00000, 0x0000000088c00000| Untracked 
| 111|0x0000000088d00000, 0x0000000088d00000, 0x0000000088e00000|  0%| F|  |TAMS 0x0000000088d00000, 0x0000000088d00000| Untracked 
| 112|0x0000000088e00000, 0x0000000088e00000, 0x0000000088f00000|  0%| F|  |TAMS 0x0000000088e00000, 0x0000000088e00000| Untracked 
| 113|0x0000000088f00000, 0x0000000088f00000, 0x0000000089000000|  0%| F|  |TAMS 0x0000000088f00000, 0x0000000088f00000| Untracked 
| 114|0x0000000089000000, 0x0000000089000000, 0x0000000089100000|  0%| F|  |TAMS 0x0000000089000000, 0x0000000089000000| Untracked 
| 115|0x0000000089100000, 0x0000000089100000, 0x0000000089200000|  0%| F|  |TAMS 0x0000000089100000, 0x0000000089100000| Untracked 
| 116|0x0000000089200000, 0x0000000089200000, 0x0000000089300000|  0%| F|  |TAMS 0x0000000089200000, 0x0000000089200000| Untracked 
| 117|0x0000000089300000, 0x0000000089300000, 0x0000000089400000|  0%| F|  |TAMS 0x0000000089300000, 0x0000000089300000| Untracked 
| 118|0x0000000089400000, 0x0000000089400000, 0x0000000089500000|  0%| F|  |TAMS 0x0000000089400000, 0x0000000089400000| Untracked 
| 119|0x0000000089500000, 0x0000000089500000, 0x0000000089600000|  0%| F|  |TAMS 0x0000000089500000, 0x0000000089500000| Untracked 
| 120|0x0000000089600000, 0x0000000089700000, 0x0000000089700000|100%| E|  |TAMS 0x0000000089600000, 0x0000000089600000| Complete 
| 121|0x0000000089700000, 0x0000000089800000, 0x0000000089800000|100%| E|CS|TAMS 0x0000000089700000, 0x0000000089700000| Complete 
| 122|0x0000000089800000, 0x0000000089900000, 0x0000000089900000|100%| E|CS|TAMS 0x0000000089800000, 0x0000000089800000| Complete 
| 123|0x0000000089900000, 0x0000000089a00000, 0x0000000089a00000|100%| E|CS|TAMS 0x0000000089900000, 0x0000000089900000| Complete 
| 124|0x0000000089a00000, 0x0000000089b00000, 0x0000000089b00000|100%| E|CS|TAMS 0x0000000089a00000, 0x0000000089a00000| Complete 
| 125|0x0000000089b00000, 0x0000000089c00000, 0x0000000089c00000|100%| E|CS|TAMS 0x0000000089b00000, 0x0000000089b00000| Complete 
| 126|0x0000000089c00000, 0x0000000089d00000, 0x0000000089d00000|100%| E|CS|TAMS 0x0000000089c00000, 0x0000000089c00000| Complete 
| 127|0x0000000089d00000, 0x0000000089e00000, 0x0000000089e00000|100%| E|CS|TAMS 0x0000000089d00000, 0x0000000089d00000| Complete 

Card table byte_map: [0x000002b4d5a10000,0x000002b4d5e10000] _byte_map_base: 0x000002b4d5601000

Marking Bits (Prev, Next): (CMBitMap*) 0x000002b4beda7630, (CMBitMap*) 0x000002b4beda7670
 Prev Bits: [0x000002b4d6210000, 0x000002b4d8198000)
 Next Bits: [0x000002b4d81a0000, 0x000002b4da128000)

Polling page: 0x000002b4bcc90000

Metaspace:

Usage:
  Non-class:      8.15 MB used.
      Class:      1.16 MB used.
       Both:      9.31 MB used.

Virtual space:
  Non-class space:       64.00 MB reserved,       8.25 MB ( 13%) committed,  1 nodes.
      Class space:        1.00 GB reserved,       1.25 MB ( <1%) committed,  1 nodes.
             Both:        1.06 GB reserved,       9.50 MB ( <1%) committed. 

Chunk freelists:
   Non-Class:  6.82 MB
       Class:  14.69 MB
        Both:  21.50 MB

MaxMetaspaceSize: unlimited
CompressedClassSpaceSize: 1.00 GB
Initial GC threshold: 21.00 MB
Current GC threshold: 21.00 MB
CDS: on
MetaspaceReclaimPolicy: balanced
 - commit_granule_bytes: 65536.
 - commit_granule_words: 8192.
 - virtual_space_node_default_size: 8388608.
 - enlarge_chunks_in_place: 1.
 - new_chunks_are_fully_committed: 0.
 - uncommit_free_chunks: 1.
 - use_allocation_guard: 0.
 - handle_deallocations: 1.


Internal statistics:

num_allocs_failed_limit: 0.
num_arena_births: 226.
num_arena_deaths: 0.
num_vsnodes_births: 2.
num_vsnodes_deaths: 0.
num_space_committed: 152.
num_space_uncommitted: 0.
num_chunks_returned_to_freelist: 0.
num_chunks_taken_from_freelist: 553.
num_chunk_merges: 0.
num_chunk_splits: 311.
num_chunks_enlarged: 189.
num_inconsistent_stats: 0.

CodeHeap 'non-profiled nmethods': size=120000Kb used=975Kb max_used=975Kb free=119024Kb
 bounds [0x000002b4ce0e0000, 0x000002b4ce350000, 0x000002b4d5610000]
CodeHeap 'profiled nmethods': size=120000Kb used=4124Kb max_used=4124Kb free=115875Kb
 bounds [0x000002b4c6610000, 0x000002b4c6a20000, 0x000002b4cdb40000]
CodeHeap 'non-nmethods': size=5760Kb used=1173Kb max_used=1240Kb free=4586Kb
 bounds [0x000002b4cdb40000, 0x000002b4cddb0000, 0x000002b4ce0e0000]
 total_blobs=2494 nmethods=2030 adapters=376
 compilation: enabled
              stopped_count=0, restarted_count=0
 full_count=0

Compilation events (20 events):
Event: 98.907 Thread 0x000002b4dc5ead70 nmethod 1905 0x000002b4c69bd890 code [0x000002b4c69bda80, 0x000002b4c69bdf18]
Event: 98.907 Thread 0x000002b4dc5ead70 1908       3       java.lang.invoke.InvokerBytecodeGenerator::emitReferenceCast (188 bytes)
Event: 98.907 Thread 0x000002b4dc5ead70 nmethod 1908 0x000002b4c69be110 code [0x000002b4c69be3c0, 0x000002b4c69bf068]
Event: 98.907 Thread 0x000002b4dc5e22b0 1911       4       jdk.internal.org.objectweb.asm.Frame::execute (2305 bytes)
Event: 98.908 Thread 0x000002b4dc5ead70 1914       3       java.lang.invoke.MethodHandle::intrinsicName (4 bytes)
Event: 98.909 Thread 0x000002b4dc5ead70 nmethod 1914 0x000002b4c69bf410 code [0x000002b4c69bf5a0, 0x000002b4c69bf6b8]
Event: 98.909 Thread 0x000002b4dc5ead70 1915       3       java.util.ArrayList::isEmpty (13 bytes)
Event: 98.909 Thread 0x000002b4dc5ead70 nmethod 1915 0x000002b4c69bf790 code [0x000002b4c69bf920, 0x000002b4c69bfa98]
Event: 98.910 Thread 0x000002b4dc5ead70 1916       3       java.lang.ThreadLocal::get (38 bytes)
Event: 98.910 Thread 0x000002b4dc5ead70 nmethod 1916 0x000002b4c69bfb10 code [0x000002b4c69bfce0, 0x000002b4c69bffe8]
Event: 98.911 Thread 0x000002b4dc5ead70 1917       3       sun.net.www.ParseUtil::firstEncodeIndex (86 bytes)
Event: 98.912 Thread 0x000002b4dc5ead70 nmethod 1917 0x000002b4c69c0110 code [0x000002b4c69c0360, 0x000002b4c69c0d88]
Event: 98.928 Thread 0x000002b4dc5ead70 1918       3       java.util.WeakHashMap::isEmpty (13 bytes)
Event: 98.928 Thread 0x000002b4dc5ead70 nmethod 1918 0x000002b4c69c1190 code [0x000002b4c69c1340, 0x000002b4c69c1608]
Event: 98.928 Thread 0x000002b4dc5ead70 1919       3       java.lang.String::toCharArray (25 bytes)
Event: 98.928 Thread 0x000002b4dc5ead70 nmethod 1919 0x000002b4c69c1710 code [0x000002b4c69c18e0, 0x000002b4c69c1b78]
Event: 98.928 Thread 0x000002b4dc5ead70 1920       3       jdk.internal.misc.Unsafe::checkSize (32 bytes)
Event: 98.929 Thread 0x000002b4dc5ead70 nmethod 1920 0x000002b4c69c1c90 code [0x000002b4c69c1e40, 0x000002b4c69c20c8]
Event: 99.255 Thread 0x000002b4dc5ead70 1922       3       sun.nio.fs.WindowsPath::isAbsolute (26 bytes)
Event: 99.255 Thread 0x000002b4dc5ead70 nmethod 1922 0x000002b4c69c2210 code [0x000002b4c69c23a0, 0x000002b4c69c2558]

GC Heap History (12 events):
Event: 22.174 GC heap before
{Heap before GC invocations=0 (full 0):
 garbage-first heap   total 131072K, used 16384K [0x0000000081e00000, 0x0000000100000000)
  region size 1024K, 13 young (13312K), 0 survivors (0K)
 Metaspace       used 1098K, committed 1216K, reserved 1114112K
  class space    used 83K, committed 128K, reserved 1048576K
}
Event: 27.375 GC heap after
{Heap after GC invocations=1 (full 0):
 garbage-first heap   total 131072K, used 9259K [0x0000000081e00000, 0x0000000100000000)
  region size 1024K, 2 young (2048K), 2 survivors (2048K)
 Metaspace       used 1098K, committed 1216K, reserved 1114112K
  class space    used 83K, committed 128K, reserved 1048576K
}
Event: 44.199 GC heap before
{Heap before GC invocations=1 (full 0):
 garbage-first heap   total 131072K, used 12331K [0x0000000081e00000, 0x0000000100000000)
  region size 1024K, 6 young (6144K), 2 survivors (2048K)
 Metaspace       used 1173K, committed 1280K, reserved 1114112K
  class space    used 84K, committed 128K, reserved 1048576K
}
Event: 44.203 GC heap after
{Heap after GC invocations=2 (full 0):
 garbage-first heap   total 131072K, used 11211K [0x0000000081e00000, 0x0000000100000000)
  region size 1024K, 1 young (1024K), 1 survivors (1024K)
 Metaspace       used 1173K, committed 1280K, reserved 1114112K
  class space    used 84K, committed 128K, reserved 1048576K
}
Event: 67.008 GC heap before
{Heap before GC invocations=2 (full 0):
 garbage-first heap   total 131072K, used 15307K [0x0000000081e00000, 0x0000000100000000)
  region size 1024K, 6 young (6144K), 1 survivors (1024K)
 Metaspace       used 2077K, committed 2176K, reserved 1114112K
  class space    used 183K, committed 256K, reserved 1048576K
}
Event: 67.012 GC heap after
{Heap after GC invocations=3 (full 0):
 garbage-first heap   total 131072K, used 14431K [0x0000000081e00000, 0x0000000100000000)
  region size 1024K, 1 young (1024K), 1 survivors (1024K)
 Metaspace       used 2077K, committed 2176K, reserved 1114112K
  class space    used 183K, committed 256K, reserved 1048576K
}
Event: 69.542 GC heap before
{Heap before GC invocations=3 (full 0):
 garbage-first heap   total 131072K, used 18527K [0x0000000081e00000, 0x0000000100000000)
  region size 1024K, 6 young (6144K), 1 survivors (1024K)
 Metaspace       used 2976K, committed 3136K, reserved 1114112K
  class space    used 292K, committed 384K, reserved 1048576K
}
Event: 69.544 GC heap after
{Heap after GC invocations=4 (full 0):
 garbage-first heap   total 131072K, used 14988K [0x0000000081e00000, 0x0000000100000000)
  region size 1024K, 1 young (1024K), 1 survivors (1024K)
 Metaspace       used 2976K, committed 3136K, reserved 1114112K
  class space    used 292K, committed 384K, reserved 1048576K
}
Event: 78.250 GC heap before
{Heap before GC invocations=4 (full 0):
 garbage-first heap   total 131072K, used 24204K [0x0000000081e00000, 0x0000000100000000)
  region size 1024K, 11 young (11264K), 1 survivors (1024K)
 Metaspace       used 4520K, committed 4800K, reserved 1114112K
  class space    used 504K, committed 640K, reserved 1048576K
}
Event: 78.252 GC heap after
{Heap after GC invocations=5 (full 0):
 garbage-first heap   total 131072K, used 15411K [0x0000000081e00000, 0x0000000100000000)
  region size 1024K, 2 young (2048K), 2 survivors (2048K)
 Metaspace       used 4520K, committed 4800K, reserved 1114112K
  class space    used 504K, committed 640K, reserved 1048576K
}
Event: 98.237 GC heap before
{Heap before GC invocations=5 (full 0):
 garbage-first heap   total 131072K, used 31795K [0x0000000081e00000, 0x0000000100000000)
  region size 1024K, 18 young (18432K), 2 survivors (2048K)
 Metaspace       used 8055K, committed 8320K, reserved 1114112K
  class space    used 994K, committed 1088K, reserved 1048576K
}
Event: 98.242 GC heap after
{Heap after GC invocations=6 (full 0):
 garbage-first heap   total 131072K, used 16300K [0x0000000081e00000, 0x0000000100000000)
  region size 1024K, 2 young (2048K), 2 survivors (2048K)
 Metaspace       used 8055K, committed 8320K, reserved 1114112K
  class space    used 994K, committed 1088K, reserved 1048576K
}

Deoptimization events (20 events):
Event: 94.522 Thread 0x000002b522e70600 Uncommon trap: trap_request=0xffffff45 fr.pc=0x000002b4ce1a182c relative=0x0000000000001acc
Event: 94.522 Thread 0x000002b522e70600 Uncommon trap: reason=unstable_if action=reinterpret pc=0x000002b4ce1a182c method=java.io.WinNTFileSystem.normalize(Ljava/lang/String;)Ljava/lang/String; @ 128 c2
Event: 94.522 Thread 0x000002b522e70600 DEOPT PACKING pc=0x000002b4ce1a182c sp=0x000000f1e25fdaf0
Event: 94.522 Thread 0x000002b522e70600 DEOPT UNPACKING pc=0x000002b4cdb923a3 sp=0x000000f1e25fdad8 mode 2
Event: 96.496 Thread 0x000002b522e70600 DEOPT PACKING pc=0x000002b4c69662ca sp=0x000000f1e25fd9f0
Event: 96.496 Thread 0x000002b522e70600 DEOPT UNPACKING pc=0x000002b4cdb92b43 sp=0x000000f1e25fce68 mode 0
Event: 96.497 Thread 0x000002b522e70600 DEOPT PACKING pc=0x000002b4c69662ca sp=0x000000f1e25fd9f0
Event: 96.497 Thread 0x000002b522e70600 DEOPT UNPACKING pc=0x000002b4cdb92b43 sp=0x000000f1e25fce68 mode 0
Event: 96.503 Thread 0x000002b522e70600 DEOPT PACKING pc=0x000002b4c69662ca sp=0x000000f1e25fd9f0
Event: 96.503 Thread 0x000002b522e70600 DEOPT UNPACKING pc=0x000002b4cdb92b43 sp=0x000000f1e25fce68 mode 0
Event: 96.509 Thread 0x000002b522e70600 DEOPT PACKING pc=0x000002b4c69662ca sp=0x000000f1e25fd9f0
Event: 96.509 Thread 0x000002b522e70600 DEOPT UNPACKING pc=0x000002b4cdb92b43 sp=0x000000f1e25fce68 mode 0
Event: 96.510 Thread 0x000002b522e70600 DEOPT PACKING pc=0x000002b4c6966412 sp=0x000000f1e25fd9f0
Event: 96.510 Thread 0x000002b522e70600 DEOPT UNPACKING pc=0x000002b4cdb92b43 sp=0x000000f1e25fce68 mode 0
Event: 98.731 Thread 0x000002b522e70600 DEOPT PACKING pc=0x000002b4c69990e0 sp=0x000000f1e25fddd0
Event: 98.732 Thread 0x000002b522e70600 DEOPT UNPACKING pc=0x000002b4cdb92b43 sp=0x000000f1e25fd2d8 mode 0
Event: 98.910 Thread 0x000002b522e70600 Uncommon trap: trap_request=0xffffff45 fr.pc=0x000002b4ce188688 relative=0x0000000000000068
Event: 98.910 Thread 0x000002b522e70600 Uncommon trap: reason=unstable_if action=reinterpret pc=0x000002b4ce188688 method=sun.net.www.ParseUtil.firstEncodeIndex(Ljava/lang/String;)I @ 51 c2
Event: 98.910 Thread 0x000002b522e70600 DEOPT PACKING pc=0x000002b4ce188688 sp=0x000000f1e25fdb70
Event: 98.910 Thread 0x000002b522e70600 DEOPT UNPACKING pc=0x000002b4cdb923a3 sp=0x000000f1e25fdaf8 mode 2

Classes unloaded (0 events):
No events

Classes redefined (0 events):
No events

Internal exceptions (20 events):
Event: 86.978 Thread 0x000002b4bed4e740 Exception <a 'java/lang/NoSuchMethodError'{0x00000000893f83f0}: 'long java.lang.invoke.DirectMethodHandle$Holder.invokeSpecial(java.lang.Object, java.lang.Object)'> (0x00000000893f83f0) 
thrown [s\open\src\hotspot\share\interpreter\linkResolver.cpp, line 759]
Event: 86.978 Thread 0x000002b522e70600 Exception <a 'sun/nio/fs/WindowsException'{0x00000000893a91c8}> (0x00000000893a91c8) 
thrown [s\open\src\hotspot\share\prims\jni.cpp, line 516]
Event: 88.579 Thread 0x000002b4bed4e740 Exception <a 'java/lang/NoSuchMethodError'{0x000000008904d9c0}: 'java.lang.Object java.lang.invoke.DirectMethodHandle$Holder.invokeStaticInit(java.lang.Object, java.lang.Object, long, java.lang.Object)'> (0x000000008904d9c0) 
thrown [s\open\src\hotspot\share\interpreter\linkResolver.cpp, line 759]
Event: 88.580 Thread 0x000002b4bed4e740 Exception <a 'java/lang/NoSuchMethodError'{0x000000008905d378}: 'java.lang.Object java.lang.invoke.DirectMethodHandle$Holder.newInvokeSpecial(java.lang.Object, java.lang.Object, long)'> (0x000000008905d378) 
thrown [s\open\src\hotspot\share\interpreter\linkResolver.cpp, line 759]
Event: 88.580 Thread 0x000002b4bed4e740 Exception <a 'java/lang/NoSuchMethodError'{0x0000000089061438}: 'java.lang.Object java.lang.invoke.Invokers$Holder.linkToTargetMethod(java.lang.Object, long, java.lang.Object)'> (0x0000000089061438) 
thrown [s\open\src\hotspot\share\interpreter\linkResolver.cpp, line 759]
Event: 91.486 Thread 0x000002b4bed4e740 Exception <a 'java/lang/NoSuchMethodError'{0x0000000088e2f4a8}: 'void java.lang.invoke.DirectMethodHandle$Holder.invokeStatic(java.lang.Object, java.lang.Object)'> (0x0000000088e2f4a8) 
thrown [s\open\src\hotspot\share\interpreter\linkResolver.cpp, line 759]
Event: 92.310 Thread 0x000002b522e70600 Exception <a 'java/lang/NoSuchMethodError'{0x0000000088e21580}: 'java.lang.Object java.lang.invoke.DirectMethodHandle$Holder.invokeStaticInit(java.lang.Object, int, int, int, int)'> (0x0000000088e21580) 
thrown [s\open\src\hotspot\share\interpreter\linkResolver.cpp, line 759]
Event: 96.512 Thread 0x000002b522e70600 Exception <a 'java/lang/NoSuchMethodError'{0x0000000088dd0148}: 'java.lang.Object java.lang.invoke.DirectMethodHandle$Holder.invokeStaticInit(java.lang.Object, java.lang.Object, int, int, int, int)'> (0x0000000088dd0148) 
thrown [s\open\src\hotspot\share\interpreter\linkResolver.cpp, line 759]
Event: 96.610 Thread 0x000002b522e70600 Exception <a 'java/lang/NoSuchMethodError'{0x0000000088dfbd30}: 'int java.lang.invoke.DirectMethodHandle$Holder.invokeInterface(java.lang.Object, java.lang.Object)'> (0x0000000088dfbd30) 
thrown [s\open\src\hotspot\share\interpreter\linkResolver.cpp, line 759]
Event: 96.610 Thread 0x000002b522e70600 Exception <a 'java/lang/IncompatibleClassChangeError'{0x0000000088dff018}: Found class java.lang.Object, but interface was expected> (0x0000000088dff018) 
thrown [s\open\src\hotspot\share\interpreter\linkResolver.cpp, line 826]
Event: 96.627 Thread 0x000002b522e70600 Exception <a 'sun/nio/fs/WindowsException'{0x0000000088c4c528}> (0x0000000088c4c528) 
thrown [s\open\src\hotspot\share\prims\jni.cpp, line 516]
Event: 96.628 Thread 0x000002b522e70600 Exception <a 'sun/nio/fs/WindowsException'{0x0000000088c4cd90}> (0x0000000088c4cd90) 
thrown [s\open\src\hotspot\share\prims\jni.cpp, line 516]
Event: 96.628 Thread 0x000002b522e70600 Exception <a 'sun/nio/fs/WindowsException'{0x0000000088c4d170}> (0x0000000088c4d170) 
thrown [s\open\src\hotspot\share\prims\jni.cpp, line 516]
Event: 96.988 Thread 0x000002b522e70600 Exception <a 'sun/nio/fs/WindowsException'{0x0000000088c4d808}> (0x0000000088c4d808) 
thrown [s\open\src\hotspot\share\prims\jni.cpp, line 516]
Event: 96.988 Thread 0x000002b522e70600 Exception <a 'sun/nio/fs/WindowsException'{0x0000000088c4db18}> (0x0000000088c4db18) 
thrown [s\open\src\hotspot\share\prims\jni.cpp, line 516]
Event: 98.235 Thread 0x000002b522e70600 Exception <a 'sun/nio/fs/WindowsException'{0x0000000088caf548}> (0x0000000088caf548) 
thrown [s\open\src\hotspot\share\prims\jni.cpp, line 516]
Event: 98.235 Thread 0x000002b522e70600 Exception <a 'sun/nio/fs/WindowsException'{0x0000000088caf8f8}> (0x0000000088caf8f8) 
thrown [s\open\src\hotspot\share\prims\jni.cpp, line 516]
Event: 98.235 Thread 0x000002b522e70600 Exception <a 'sun/nio/fs/WindowsException'{0x0000000088cafc40}> (0x0000000088cafc40) 
thrown [s\open\src\hotspot\share\prims\jni.cpp, line 516]
Event: 98.235 Thread 0x000002b522e70600 Exception <a 'sun/nio/fs/WindowsException'{0x0000000088cafeb0}> (0x0000000088cafeb0) 
thrown [s\open\src\hotspot\share\prims\jni.cpp, line 516]
Event: 98.909 Thread 0x000002b522e70600 Exception <a 'sun/nio/fs/WindowsException'{0x0000000089be66d8}> (0x0000000089be66d8) 
thrown [s\open\src\hotspot\share\prims\jni.cpp, line 516]

VM Operations (20 events):
Event: 88.954 Executing VM operation: HandshakeAllThreads
Event: 88.982 Executing VM operation: HandshakeAllThreads done
Event: 88.982 Executing VM operation: Cleanup
Event: 88.982 Executing VM operation: Cleanup done
Event: 89.986 Executing VM operation: Cleanup
Event: 90.647 Executing VM operation: Cleanup done
Event: 91.445 Executing VM operation: HandshakeAllThreads
Event: 91.478 Executing VM operation: HandshakeAllThreads done
Event: 92.484 Executing VM operation: Cleanup
Event: 92.484 Executing VM operation: Cleanup done
Event: 93.501 Executing VM operation: Cleanup
Event: 93.802 Executing VM operation: Cleanup done
Event: 96.838 Executing VM operation: Cleanup
Event: 96.892 Executing VM operation: Cleanup done
Event: 97.896 Executing VM operation: Cleanup
Event: 97.943 Executing VM operation: Cleanup done
Event: 98.237 Executing VM operation: G1CollectForAllocation
Event: 98.242 Executing VM operation: G1CollectForAllocation done
Event: 98.438 Executing VM operation: HandshakeAllThreads
Event: 98.438 Executing VM operation: HandshakeAllThreads done

Events (20 events):
Event: 98.828 loading class java/util/Currency done
Event: 98.830 loading class java/util/OptionalLong
Event: 98.830 loading class java/util/OptionalLong done
Event: 98.830 loading class java/util/OptionalDouble
Event: 98.830 loading class java/util/OptionalDouble done
Event: 98.850 loading class java/util/Collections$ReverseComparator
Event: 98.903 loading class java/util/Collections$ReverseComparator done
Event: 98.903 loading class java/util/Collections$ReverseComparator2
Event: 98.904 loading class java/util/Collections$ReverseComparator2 done
Event: 98.934 loading class java/time/format/DateTimeParseException
Event: 98.967 loading class java/time/DateTimeException
Event: 98.986 loading class java/time/DateTimeException done
Event: 98.986 loading class java/time/format/DateTimeParseException done
Event: 98.986 loading class java/util/regex/Pattern$Loop
Event: 99.087 loading class java/util/regex/Pattern$Loop done
Event: 99.087 loading class java/util/regex/Pattern$Prolog
Event: 99.251 loading class java/util/regex/Pattern$Prolog done
Event: 99.251 loading class java/util/regex/Pattern$SliceI
Event: 99.252 loading class java/util/regex/Pattern$SliceI done
Event: 99.256 loading class sun/reflect/generics/repository/ClassRepository


Dynamic libraries:
0x00007ff76f840000 - 0x00007ff76f850000 	C:\Program Files\Java\jdk-17\bin\java.exe
0x00007ffa29410000 - 0x00007ffa29608000 	C:\WINDOWS\SYSTEM32\ntdll.dll
0x00007ffa282f0000 - 0x00007ffa283b1000 	C:\WINDOWS\System32\KERNEL32.DLL
0x00007ffa26a90000 - 0x00007ffa26d86000 	C:\WINDOWS\System32\KERNELBASE.dll
0x00007ffa272e0000 - 0x00007ffa273e0000 	C:\WINDOWS\System32\ucrtbase.dll
0x00007ffa065c0000 - 0x00007ffa065d9000 	C:\Program Files\Java\jdk-17\bin\jli.dll
0x00007ffa065e0000 - 0x00007ffa065fb000 	C:\Program Files\Java\jdk-17\bin\VCRUNTIME140.dll
0x00007ffa28810000 - 0x00007ffa288c0000 	C:\WINDOWS\System32\ADVAPI32.dll
0x00007ffa28f00000 - 0x00007ffa28f9e000 	C:\WINDOWS\System32\msvcrt.dll
0x00007ffa29170000 - 0x00007ffa29210000 	C:\WINDOWS\System32\sechost.dll
0x00007ffa28490000 - 0x00007ffa285b3000 	C:\WINDOWS\System32\RPCRT4.dll
0x00007ffa273e0000 - 0x00007ffa27407000 	C:\WINDOWS\System32\bcrypt.dll
0x00007ffa28640000 - 0x00007ffa287df000 	C:\WINDOWS\System32\USER32.dll
0x00007ffa270e0000 - 0x00007ffa27102000 	C:\WINDOWS\System32\win32u.dll
0x00007ffa113c0000 - 0x00007ffa1165a000 	C:\WINDOWS\WinSxS\amd64_microsoft.windows.common-controls_6595b64144ccf1df_6.0.19041.4355_none_60b8b9eb71f62e16\COMCTL32.dll
0x00007ffa287e0000 - 0x00007ffa2880b000 	C:\WINDOWS\System32\GDI32.dll
0x00007ffa271c0000 - 0x00007ffa272d7000 	C:\WINDOWS\System32\gdi32full.dll
0x00007ffa26ff0000 - 0x00007ffa2708d000 	C:\WINDOWS\System32\msvcp_win.dll
0x00007ffa1e3a0000 - 0x00007ffa1e3aa000 	C:\WINDOWS\SYSTEM32\VERSION.dll
0x00007ffa274c0000 - 0x00007ffa274ef000 	C:\WINDOWS\System32\IMM32.DLL
0x00007ffa1d580000 - 0x00007ffa1d58c000 	C:\Program Files\Java\jdk-17\bin\vcruntime140_1.dll
0x00007ff9e6aa0000 - 0x00007ff9e6b2e000 	C:\Program Files\Java\jdk-17\bin\msvcp140.dll
0x00007ff9d0c80000 - 0x00007ff9d1860000 	C:\Program Files\Java\jdk-17\bin\server\jvm.dll
0x00007ffa28ef0000 - 0x00007ffa28ef8000 	C:\WINDOWS\System32\PSAPI.DLL
0x00007ffa11710000 - 0x00007ffa11737000 	C:\WINDOWS\SYSTEM32\WINMM.dll
0x00007ffa21e50000 - 0x00007ffa21e59000 	C:\WINDOWS\SYSTEM32\WSOCK32.dll
0x00007ffa289b0000 - 0x00007ffa28a1b000 	C:\WINDOWS\System32\WS2_32.dll
0x00007ffa248d0000 - 0x00007ffa248e2000 	C:\WINDOWS\SYSTEM32\kernel.appcore.dll
0x00007ffa0f610000 - 0x00007ffa0f61a000 	C:\Program Files\Java\jdk-17\bin\jimage.dll
0x00007ffa20ef0000 - 0x00007ffa210d4000 	C:\WINDOWS\SYSTEM32\DBGHELP.DLL
0x00007ffa20e40000 - 0x00007ffa20e74000 	C:\WINDOWS\SYSTEM32\dbgcore.DLL
0x00007ffa26e00000 - 0x00007ffa26e82000 	C:\WINDOWS\System32\bcryptPrimitives.dll
0x00007ff9fc870000 - 0x00007ff9fc895000 	C:\Program Files\Java\jdk-17\bin\java.dll
0x00007ff9da300000 - 0x00007ff9da3d7000 	C:\Program Files\Java\jdk-17\bin\jsvml.dll
0x00007ffa27730000 - 0x00007ffa27e9c000 	C:\WINDOWS\System32\SHELL32.dll
0x00007ffa24ad0000 - 0x00007ffa2526e000 	C:\WINDOWS\SYSTEM32\windows.storage.dll
0x00007ffa27f00000 - 0x00007ffa28253000 	C:\WINDOWS\System32\combase.dll
0x00007ffa264b0000 - 0x00007ffa264de000 	C:\WINDOWS\SYSTEM32\Wldp.dll
0x00007ffa283c0000 - 0x00007ffa2848d000 	C:\WINDOWS\System32\OLEAUT32.dll
0x00007ffa27410000 - 0x00007ffa274bd000 	C:\WINDOWS\System32\SHCORE.dll
0x00007ffa27ea0000 - 0x00007ffa27ef5000 	C:\WINDOWS\System32\shlwapi.dll
0x00007ffa269c0000 - 0x00007ffa269e4000 	C:\WINDOWS\SYSTEM32\profapi.dll
0x00007ffa03010000 - 0x00007ffa03029000 	C:\Program Files\Java\jdk-17\bin\net.dll
0x00007ffa202e0000 - 0x00007ffa203ea000 	C:\WINDOWS\SYSTEM32\WINHTTP.dll
0x00007ffa261c0000 - 0x00007ffa2622a000 	C:\WINDOWS\system32\mswsock.dll
0x00007ff9fd510000 - 0x00007ff9fd526000 	C:\Program Files\Java\jdk-17\bin\nio.dll
0x00007ff9fd450000 - 0x00007ff9fd468000 	C:\Program Files\Java\jdk-17\bin\zip.dll
0x00007ffa0f600000 - 0x00007ffa0f60a000 	C:\Program Files\Java\jdk-17\bin\management.dll
0x00007ffa0f5f0000 - 0x00007ffa0f5fb000 	C:\Program Files\Java\jdk-17\bin\management_ext.dll
0x00007ffa263e0000 - 0x00007ffa263f8000 	C:\WINDOWS\SYSTEM32\CRYPTSP.dll
0x00007ffa25a80000 - 0x00007ffa25ab4000 	C:\WINDOWS\system32\rsaenh.dll
0x00007ffa26970000 - 0x00007ffa2699e000 	C:\WINDOWS\SYSTEM32\USERENV.dll
0x00007ffa26400000 - 0x00007ffa2640c000 	C:\WINDOWS\SYSTEM32\CRYPTBASE.dll
0x00007ffa25e70000 - 0x00007ffa25eab000 	C:\WINDOWS\SYSTEM32\IPHLPAPI.DLL
0x00007ffa288c0000 - 0x00007ffa288c8000 	C:\WINDOWS\System32\NSI.dll
0x00007ffa1c150000 - 0x00007ffa1c167000 	C:\WINDOWS\SYSTEM32\dhcpcsvc6.DLL
0x00007ffa1c110000 - 0x00007ffa1c12d000 	C:\WINDOWS\SYSTEM32\dhcpcsvc.DLL
0x00007ffa25f10000 - 0x00007ffa25fda000 	C:\WINDOWS\SYSTEM32\DNSAPI.dll

dbghelp: loaded successfully - version: 4.0.5 - missing functions: none
symbol engine: initialized successfully - sym options: 0x614 - pdb path: .;C:\Program Files\Java\jdk-17\bin;C:\WINDOWS\SYSTEM32;C:\WINDOWS\WinSxS\amd64_microsoft.windows.common-controls_6595b64144ccf1df_6.0.19041.4355_none_60b8b9eb71f62e16;C:\Program Files\Java\jdk-17\bin\server

VM Arguments:
java_command: C:\Users\coelh\AppData\Local\Temp\surefire1955098290260196220\surefirebooter-20240805093329614_3.jar C:\Users\coelh\AppData\Local\Temp\surefire1955098290260196220 2024-08-05T09-33-21_707-jvmRun1 surefire-20240805093329614_1tmp surefire_0-20240805093329614_2tmp
java_class_path (initial): C:\Users\coelh\AppData\Local\Temp\surefire1955098290260196220\surefirebooter-20240805093329614_3.jar
Launcher Type: SUN_STANDARD

[Global flags]
     intx CICompilerCount                          = 3                                         {product} {ergonomic}
     uint ConcGCThreads                            = 1                                         {product} {ergonomic}
     uint G1ConcRefinementThreads                  = 4                                         {product} {ergonomic}
   size_t G1HeapRegionSize                         = 1048576                                   {product} {ergonomic}
    uintx GCDrainStackTargetSize                   = 64                                        {product} {ergonomic}
   size_t InitialHeapSize                          = 134217728                                 {product} {ergonomic}
   size_t MarkStackSize                            = 4194304                                   {product} {ergonomic}
   size_t MaxHeapSize                              = 2116026368                                {product} {ergonomic}
   size_t MaxNewSize                               = 1268776960                                {product} {ergonomic}
   size_t MinHeapDeltaBytes                        = 1048576                                   {product} {ergonomic}
   size_t MinHeapSize                              = 8388608                                   {product} {ergonomic}
    uintx NonNMethodCodeHeapSize                   = 5832780                                {pd product} {ergonomic}
    uintx NonProfiledCodeHeapSize                  = 122912730                              {pd product} {ergonomic}
    uintx ProfiledCodeHeapSize                     = 122912730                              {pd product} {ergonomic}
    uintx ReservedCodeCacheSize                    = 251658240                              {pd product} {ergonomic}
     bool SegmentedCodeCache                       = true                                      {product} {ergonomic}
   size_t SoftMaxHeapSize                          = 2116026368                             {manageable} {ergonomic}
     bool UseCompressedClassPointers               = true                           {product lp64_product} {ergonomic}
     bool UseCompressedOops                        = true                           {product lp64_product} {ergonomic}
     bool UseG1GC                                  = true                                      {product} {ergonomic}
     bool UseLargePagesIndividualAllocation        = false                                  {pd product} {ergonomic}

Logging:
Log output configuration:
 #0: stdout all=warning uptime,level,tags
 #1: stderr all=off uptime,level,tags

Environment Variables:
JAVA_HOME=C:\Program Files\Java\jdk-17
PATH=C:\Python39\Scripts\;C:\Python39\;C:\Program Files\Common Files\Oracle\Java\javapath;C:\Program Files (x86)\Intel\iCLS Client\;C:\ProgramData\Oracle\Java\javapath;C:\Program Files\Intel\iCLS Client\;C:\WINDOWS\system32;C:\WINDOWS;C:\WINDOWS\System32\Wbem;C:\WINDOWS\System32\WindowsPowerShell\v1.0\;C:\WINDOWS\System32\OpenSSH\;C:\Program Files (x86)\Brackets\command;C:\ambiente\php;C:\ProgramData\chocolatey\bin;C:\Program Files\dotnet\;C:\Program Files\MongoDB\Server\5.0\bin;C:\Program Files\Microsoft SQL Server\Client SDK\ODBC\170\Tools\Binn\;C:\Program Files (x86)\dotnet\;C:\Program Files\Java\jdk-17\bin;C:\Program Files\nodejs\;C:\apache-maven-3.8.5\bin;C:\Program Files (x86)\Intel\Intel(R) Management Engine Components\DAL;C:\Program Files\Intel\Intel(R) Management Engine Components\DAL;C:\Program Files (x86)\Microsoft SQL Server\160\DTS\Binn\;C:\Program Files\Microsoft SQL Server\Client SDK\ODBC\130\Tools\Binn\;C:\Program Files\PuTTY\;C:\Program Files\Git\cmd;C:\Program Files\Docker\Docker\resources\bin;C:\Program Files\MySQL\MySQL Shell 8.0\bin\;C:\Users\coelh\AppData\Local\Microsoft\WindowsApps;C:\Users\coelh\AppData\Local\Programs\Microsoft VS Code\bin;C:\Users\coelh\.dotnet\tools;C:\apache-maven-3.8.5\bin;C:\Program Files\JetBrains\IntelliJ IDEA Community Edition 2021.2\bin;;C:\Program Files\heroku\bin;C:\Program Files\MongoDB\Server\5.0\bin;C:\Users\coelh\AppData\Local\GitHubDesktop\bin;C:\Users\coelh\AppData\Roaming\npm;C:\Program Files\Azure Data Studio\bin;C:\Program Files\Java\jdk-17\bin;
USERNAME=coelh
OS=Windows_NT
PROCESSOR_IDENTIFIER=Intel64 Family 6 Model 142 Stepping 9, GenuineIntel



---------------  S Y S T E M  ---------------

OS:
 Windows 10 , 64 bit Build 19041 (10.0.19041.4597)
OS uptime: 3 days 12:43 hours
Hyper-V role detected

CPU: total 4 (initial active 4) (2 cores per cpu, 2 threads per core) family 6 model 142 stepping 9 microcode 0xec, cx8, cmov, fxsr, ht, mmx, 3dnowpref, sse, sse2, sse3, ssse3, sse4.1, sse4.2, popcnt, lzcnt, tsc, tscinvbit, avx, avx2, aes, erms, clmul, bmi1, bmi2, adx, fma, vzeroupper, clflush, clflushopt, hv

Memory: 4k page, system-wide physical 8070M (371M free)
TotalPageFile size 16070M (AvailPageFile size 5M)
current process WorkingSet (physical memory assigned to process): 111M, peak: 112M
current process commit charge ("private bytes"): 247M, peak: 255M

vm_info: Java HotSpot(TM) 64-Bit Server VM (17.0.11+7-LTS-207) for windows-amd64 JRE (17.0.11+7-LTS-207), built on Mar 11 2024 19:01:50 by "mach5one" with MS VC++ 17.6 (VS2022)

END.
